c:\users\kreq\desktop\dırlıst\dırlıst\debug\vc141.pdb
c:\users\kreq\desktop\dırlıst\dırlıst\debug\.netframework,versıon=v4.0.assemblyattrıbutes.obj
c:\users\kreq\desktop\dırlıst\dırlıst\debug\.netframework,versıon=v4.0.assemblyattrıbutes.asm
c:\users\kreq\desktop\dırlıst\dırlıst\debug\myform.obj
c:\users\kreq\desktop\dırlıst\dırlıst\debug\ıtemınfo.obj
c:\users\kreq\desktop\dirlist\dirlist\debug\dirlist.myform.resources
c:\users\kreq\desktop\dırlıst\debug\dırlıst.exe
c:\users\kreq\desktop\dırlıst\debug\dırlıst.pdb
c:\users\kreq\desktop\dırlıst\dırlıst\debug\dırlıst.tlog\metagen.wrıte.1.tlog
c:\users\kreq\desktop\dirlist\dirlist\debug\dirlist.vcxproj.generateresource.cache
c:\users\kreq\desktop\dirlist\dirlist\debug\dirlist.vcxprojresolveassemblyreference.cache
c:\users\kreq\desktop\dirlist\dirlist\debug\.netframework,version=v4.0.assemblyattributes.obj
c:\users\kreq\desktop\dirlist\dirlist\debug\.netframework,version=v4.7.assemblyattributes.obj
c:\users\kreq\desktop\dirlist\dirlist\debug\ıtemınfo.obj
c:\users\kreq\desktop\dirlist\dirlist\debug\myform.obj
c:\users\kreq\desktop\dirlist\dirlist\debug\vc141.pdb
c:\users\kreq\desktop\dirlist\debug\dirlist.pdb
c:\users\kreq\desktop\dirlist\debug\dirlist.exe
c:\users\kreq\desktop\dirlist\dirlist\debug\dirlist.tlog\cl.command.1.tlog
c:\users\kreq\desktop\dirlist\dirlist\debug\dirlist.tlog\cl.read.1.tlog
c:\users\kreq\desktop\dirlist\dirlist\debug\dirlist.tlog\cl.write.1.tlog
c:\users\kreq\desktop\dirlist\dirlist\debug\dirlist.tlog\dirlist.write.1u.tlog
c:\users\kreq\desktop\dirlist\dirlist\debug\dirlist.tlog\link.command.1.tlog
c:\users\kreq\desktop\dirlist\dirlist\debug\dirlist.tlog\link.read.1.tlog
c:\users\kreq\desktop\dirlist\dirlist\debug\dirlist.tlog\link.write.1.tlog
c:\users\kreq\desktop\dirlist\dirlist\debug\dirlist.tlog\metagen.read.1.tlog
c:\users\kreq\desktop\dirlist\dirlist\debug\dirlist.tlog\metagen.write.1.tlog
c:\users\kreq\desktop\dirlist\dirlist\debug\dirlist.tlog\mscorlıb.dll.metagen
c:\users\kreq\desktop\dirlist\dirlist\debug\dirlist.tlog\system.data.dll.metagen
c:\users\kreq\desktop\dirlist\dirlist\debug\dirlist.tlog\system.dll.metagen
c:\users\kreq\desktop\dirlist\dirlist\debug\dirlist.tlog\system.drawıng.dll.metagen
c:\users\kreq\desktop\dirlist\dirlist\debug\dirlist.tlog\system.wındows.forms.dll.metagen
c:\users\kreq\desktop\dirlist\dirlist\debug\dirlist.tlog\system.xml.dll.metagen
c:\users\kreq\desktop\dirlist\dirlist\debug\dirlist.tlog\clr.dll.bi
c:\users\kreq\desktop\dirlist\dirlist\debug\dirlist.tlog\cluı.dll.bi
c:\users\kreq\desktop\dirlist\dirlist\debug\dirlist.tlog\mscorwks.dll.bi
c:\users\kreq\desktop\dirlist\dirlist\debug\dirlist.tlog\tzres.dll.bi
